<?xml version="1.0" encoding="UTF-8"?>
<testng-results skipped="0" failed="0" ignored="0" total="3" passed="3">
  <reporter-output>
  </reporter-output>
  <suite name="test.Tests" duration-ms="32624" started-at="2018-11-01T17:28:27Z" finished-at="2018-11-01T17:29:00Z">
    <groups>
    </groups>
    <test name="Command line test" duration-ms="32624" started-at="2018-11-01T17:28:27Z" finished-at="2018-11-01T17:29:00Z">
      <class name="test.Tests">
        <test-method status="PASS" signature="setUp()[pri:0, instance:test.Tests@5b464ce8]" name="setUp" is-config="true" duration-ms="11344" started-at="2018-11-01T14:28:27Z" finished-at="2018-11-01T14:28:39Z">
          <reporter-output>
          </reporter-output>
        </test-method> <!-- setUp -->
        <test-method status="PASS" signature="pruebaUno()[pri:1, instance:test.Tests@5b464ce8]" name="pruebaUno" duration-ms="18232" started-at="2018-11-01T14:28:39Z" finished-at="2018-11-01T14:28:57Z">
          <reporter-output>
          </reporter-output>
        </test-method> <!-- pruebaUno -->
        <test-method status="PASS" signature="pruebaTres()[pri:2, instance:test.Tests@5b464ce8]" name="pruebaTres" duration-ms="2765" started-at="2018-11-01T14:28:57Z" finished-at="2018-11-01T14:29:00Z">
          <reporter-output>
          </reporter-output>
        </test-method> <!-- pruebaTres -->
        <test-method status="PASS" signature="pruebaDos()[pri:3, instance:test.Tests@5b464ce8]" name="pruebaDos" duration-ms="37" started-at="2018-11-01T14:29:00Z" finished-at="2018-11-01T14:29:00Z">
          <reporter-output>
          </reporter-output>
        </test-method> <!-- pruebaDos -->
        <test-method status="PASS" signature="tearDown()[pri:0, instance:test.Tests@5b464ce8]" name="tearDown" is-config="true" duration-ms="220" started-at="2018-11-01T14:29:00Z" finished-at="2018-11-01T14:29:00Z">
          <reporter-output>
          </reporter-output>
        </test-method> <!-- tearDown -->
      </class> <!-- test.Tests -->
    </test> <!-- Command line test -->
  </suite> <!-- test.Tests -->
</testng-results>
