<?xml version="1.0" encoding="UTF-8"?>
<!-- Generated by org.testng.reporters.JUnitXMLReporter -->
<testsuite hostname="WINDOWS-0GLD3J0" ignored="0" name="Command line test" tests="3" failures="0" timestamp="01 Nov 2018 17:29:00 GMT" time="32.624" errors="0">
  <testcase name="pruebaUno" time="18.232" classname="test.Tests"/>
  <testcase name="pruebaTres" time="2.765" classname="test.Tests"/>
  <testcase name="pruebaDos" time="0.037" classname="test.Tests"/>
</testsuite> <!-- Command line test -->
